Started GET "/" for ::1 at 2020-08-02 15:17:27 +0100
  [1m[35m (2.0ms)[0m  [1m[34mSELECT sqlite_version(*)[0m
Processing by Rails::WelcomeController#index as HTML
  Rendering /Users/lindseywells/.rvm/gems/ruby-2.6.1/gems/railties-6.0.3.2/lib/rails/templates/rails/welcome/index.html.erb
  Rendered /Users/lindseywells/.rvm/gems/ruby-2.6.1/gems/railties-6.0.3.2/lib/rails/templates/rails/welcome/index.html.erb (Duration: 21.4ms | Allocations: 928)
Completed 200 OK in 42ms (Views: 33.7ms | ActiveRecord: 0.0ms | Allocations: 3614)


  [1m[35m (1.4ms)[0m  [1m[34mSELECT sqlite_version(*)[0m
  [1m[35m (1.9ms)[0m  [1m[35mCREATE TABLE "schema_migrations" ("version" varchar NOT NULL PRIMARY KEY)[0m
  [1m[35m (0.8ms)[0m  [1m[35mCREATE TABLE "ar_internal_metadata" ("key" varchar NOT NULL PRIMARY KEY, "value" varchar, "created_at" datetime(6) NOT NULL, "updated_at" datetime(6) NOT NULL)[0m
  [1m[35m (0.3ms)[0m  [1m[34mSELECT "schema_migrations"."version" FROM "schema_migrations" ORDER BY "schema_migrations"."version" ASC[0m
Migrating to CreateCharts (20200802142523)
  [1m[35m (0.1ms)[0m  [1m[36mbegin transaction[0m
  [1m[35m (0.5ms)[0m  [1m[35mCREATE TABLE "charts" ("id" integer PRIMARY KEY AUTOINCREMENT NOT NULL, "date" varchar, "country" varchar, "songs" varchar, "created_at" datetime(6) NOT NULL, "updated_at" datetime(6) NOT NULL)[0m
  [1m[36mprimary::SchemaMigration Create (0.2ms)[0m  [1m[32mINSERT INTO "schema_migrations" ("version") VALUES (?)[0m  [["version", "20200802142523"]]
  [1m[35m (0.7ms)[0m  [1m[36mcommit transaction[0m
  [1m[36mActiveRecord::InternalMetadata Load (0.2ms)[0m  [1m[34mSELECT "ar_internal_metadata".* FROM "ar_internal_metadata" WHERE "ar_internal_metadata"."key" = ? LIMIT ?[0m  [["key", "environment"], ["LIMIT", 1]]
  [1m[35m (0.1ms)[0m  [1m[36mbegin transaction[0m
  [1m[36mActiveRecord::InternalMetadata Create (0.3ms)[0m  [1m[32mINSERT INTO "ar_internal_metadata" ("key", "value", "created_at", "updated_at") VALUES (?, ?, ?, ?)[0m  [["key", "environment"], ["value", "development"], ["created_at", "2020-08-02 14:27:37.571738"], ["updated_at", "2020-08-02 14:27:37.571738"]]
  [1m[35m (1.6ms)[0m  [1m[36mcommit transaction[0m
  [1m[35m (0.0ms)[0m  [1m[34mSELECT sqlite_version(*)[0m
  [1m[35m (0.1ms)[0m  [1m[34mSELECT "schema_migrations"."version" FROM "schema_migrations" ORDER BY "schema_migrations"."version" ASC[0m
  [1m[35m (1.1ms)[0m  [1m[34mSELECT sqlite_version(*)[0m
  [1m[35m (0.1ms)[0m  [1m[36mbegin transaction[0m
  [1m[36mChart Create (3.2ms)[0m  [1m[32mINSERT INTO "charts" ("date", "country", "songs", "created_at", "updated_at") VALUES (?, ?, ?, ?, ?)[0m  [["date", "1984"], ["country", "UK"], ["songs", "[\"Vengabus\", \"Cha Cha Cha\"]"], ["created_at", "2020-08-02 14:31:16.527273"], ["updated_at", "2020-08-02 14:31:16.527273"]]
  [1m[35m (1.1ms)[0m  [1m[36mcommit transaction[0m
  [1m[36mChart Load (0.4ms)[0m  [1m[34mSELECT "charts".* FROM "charts" LIMIT ?[0m  [["LIMIT", 11]]
Started GET "/" for ::1 at 2020-08-02 21:37:17 +0100
  [1m[35m (1.4ms)[0m  [1m[34mSELECT sqlite_version(*)[0m
  [1m[35m (0.5ms)[0m  [1m[34mSELECT "schema_migrations"."version" FROM "schema_migrations" ORDER BY "schema_migrations"."version" ASC[0m
Processing by Rails::WelcomeController#index as HTML
  Rendering /Users/lindseywells/.rvm/gems/ruby-2.6.1/gems/railties-6.0.3.2/lib/rails/templates/rails/welcome/index.html.erb
  Rendered /Users/lindseywells/.rvm/gems/ruby-2.6.1/gems/railties-6.0.3.2/lib/rails/templates/rails/welcome/index.html.erb (Duration: 7.5ms | Allocations: 315)
Completed 200 OK in 16ms (Views: 11.0ms | ActiveRecord: 0.0ms | Allocations: 1595)


Started GET "/api/charts" for ::1 at 2020-08-02 21:37:27 +0100
  
SyntaxError (/Users/lindseywells/Development/code/ChartFinderWeb/chartfinder-api/app/controllers/api/charts_controller.rb:4: syntax error, unexpected end-of-input, expecting end):
  
app/controllers/api/charts_controller.rb:4: syntax error, unexpected end-of-input, expecting end
app/controllers/api/charts_controller.rb:4: syntax error, unexpected end-of-input, expecting end
Started GET "/api/charts" for ::1 at 2020-08-02 21:37:39 +0100
  [1m[35m (0.1ms)[0m  [1m[34mSELECT sqlite_version(*)[0m
Processing by Api::ChartsController#index as HTML
  [1m[36mChart Load (0.5ms)[0m  [1m[34mSELECT "charts".* FROM "charts"[0m
  ↳ app/controllers/api/charts_controller.rb:3:in `index'
Completed 200 OK in 10ms (Views: 7.4ms | ActiveRecord: 1.0ms | Allocations: 5847)


Started GET "/api/charts" for ::1 at 2020-08-02 21:41:22 +0100
  [1m[35m (0.1ms)[0m  [1m[34mSELECT sqlite_version(*)[0m
  
SyntaxError (/Users/lindseywells/Development/code/ChartFinderWeb/chartfinder-api/app/controllers/api/charts_controller.rb:24: syntax error, unexpected end-of-input, expecting end):
  
app/controllers/api/charts_controller.rb:24: syntax error, unexpected end-of-input, expecting end
app/controllers/api/charts_controller.rb:24: syntax error, unexpected end-of-input, expecting end
Started GET "/api/charts" for ::1 at 2020-08-02 21:41:35 +0100
  [1m[35m (0.1ms)[0m  [1m[34mSELECT sqlite_version(*)[0m
Processing by Api::ChartsController#index as HTML
  [1m[36mChart Load (0.5ms)[0m  [1m[34mSELECT "charts".* FROM "charts"[0m
  ↳ app/controllers/api/charts_controller.rb:3:in `index'
Completed 200 OK in 9ms (Views: 5.8ms | ActiveRecord: 0.9ms | Allocations: 5465)


Started GET "/api/charts" for ::1 at 2020-08-02 21:46:27 +0100
  [1m[35m (0.1ms)[0m  [1m[34mSELECT sqlite_version(*)[0m
Processing by Api::ChartsController#index as HTML
  [1m[36mChart Load (0.1ms)[0m  [1m[34mSELECT "charts".* FROM "charts"[0m
  ↳ app/controllers/api/charts_controller.rb:5:in `index'
Completed 200 OK in 7ms (Views: 5.1ms | ActiveRecord: 0.6ms | Allocations: 5451)


Started GET "/api/charts" for ::1 at 2020-08-02 21:51:09 +0100
  [1m[35m (0.1ms)[0m  [1m[34mSELECT sqlite_version(*)[0m
  
SyntaxError (/Users/lindseywells/Development/code/ChartFinderWeb/chartfinder-api/app/controllers/api/charts_controller.rb:43: syntax error, unexpected end-of-input, expecting end):
  
app/controllers/api/charts_controller.rb:43: syntax error, unexpected end-of-input, expecting end
app/controllers/api/charts_controller.rb:43: syntax error, unexpected end-of-input, expecting end
Started GET "/api/charts" for ::1 at 2020-08-02 21:51:24 +0100
  [1m[35m (0.1ms)[0m  [1m[34mSELECT sqlite_version(*)[0m
  
SyntaxError (/Users/lindseywells/Development/code/ChartFinderWeb/chartfinder-api/app/controllers/api/charts_controller.rb:41: syntax error, unexpected end-of-input, expecting end):
  
app/controllers/api/charts_controller.rb:41: syntax error, unexpected end-of-input, expecting end
app/controllers/api/charts_controller.rb:41: syntax error, unexpected end-of-input, expecting end
Started GET "/api/charts" for ::1 at 2020-08-02 21:51:25 +0100
  
SyntaxError (/Users/lindseywells/Development/code/ChartFinderWeb/chartfinder-api/app/controllers/api/charts_controller.rb:41: syntax error, unexpected end-of-input, expecting end):
  
app/controllers/api/charts_controller.rb:41: syntax error, unexpected end-of-input, expecting end
app/controllers/api/charts_controller.rb:41: syntax error, unexpected end-of-input, expecting end
Started GET "/api/charts" for ::1 at 2020-08-02 21:51:32 +0100
  [1m[35m (0.1ms)[0m  [1m[34mSELECT sqlite_version(*)[0m
  
SyntaxError (/Users/lindseywells/Development/code/ChartFinderWeb/chartfinder-api/app/controllers/api/charts_controller.rb:42: syntax error, unexpected end-of-input, expecting end):
  
app/controllers/api/charts_controller.rb:42: syntax error, unexpected end-of-input, expecting end
app/controllers/api/charts_controller.rb:42: syntax error, unexpected end-of-input, expecting end
Started GET "/api/charts" for ::1 at 2020-08-02 21:51:45 +0100
  [1m[35m (0.1ms)[0m  [1m[34mSELECT sqlite_version(*)[0m
Processing by Api::ChartsController#index as HTML
  [1m[36mChart Load (0.1ms)[0m  [1m[34mSELECT "charts".* FROM "charts"[0m
  ↳ app/controllers/api/charts_controller.rb:5:in `index'
Completed 200 OK in 9ms (Views: 6.1ms | ActiveRecord: 0.6ms | Allocations: 5493)


Started GET "/api/charts" for ::1 at 2020-08-02 21:51:51 +0100
Processing by Api::ChartsController#index as HTML
  [1m[36mChart Load (0.1ms)[0m  [1m[34mSELECT "charts".* FROM "charts"[0m
  ↳ app/controllers/api/charts_controller.rb:5:in `index'
Completed 200 OK in 1ms (Views: 1.1ms | ActiveRecord: 0.1ms | Allocations: 949)


Started GET "/api/charts/1" for ::1 at 2020-08-02 21:51:55 +0100
Processing by Api::ChartsController#show as HTML
  Parameters: {"id"=>"1"}
  [1m[36mChart Load (0.2ms)[0m  [1m[34mSELECT "charts".* FROM "charts" WHERE "charts"."id" = ? LIMIT ?[0m  [["id", 1], ["LIMIT", 1]]
  ↳ app/controllers/api/charts_controller.rb:37:in `set_chart'
Completed 200 OK in 4ms (Views: 0.2ms | ActiveRecord: 0.2ms | Allocations: 1086)


Started GET "/api/charts/1" for ::1 at 2020-08-02 21:53:04 +0100
  [1m[35m (0.1ms)[0m  [1m[34mSELECT sqlite_version(*)[0m
Processing by Api::ChartsController#show as HTML
  Parameters: {"id"=>"1"}
  [1m[36mChart Load (0.2ms)[0m  [1m[34mSELECT "charts".* FROM "charts" WHERE "charts"."id" = ? LIMIT ?[0m  [["id", 1], ["LIMIT", 1]]
  ↳ app/controllers/api/charts_controller.rb:37:in `set_chart'
Completed 500 Internal Server Error in 8ms (ActiveRecord: 0.7ms | Allocations: 5698)


  
NoMethodError (undefined method `pry' for #<Binding:0x00007ffea3a7eb90>
Did you mean?  try):
  
app/controllers/api/charts_controller.rb:38:in `set_chart'
Started GET "/api/charts/1" for ::1 at 2020-08-02 21:54:15 +0100
  [1m[35m (0.7ms)[0m  [1m[34mSELECT sqlite_version(*)[0m
  [1m[35m (0.5ms)[0m  [1m[34mSELECT "schema_migrations"."version" FROM "schema_migrations" ORDER BY "schema_migrations"."version" ASC[0m
Processing by Api::ChartsController#show as HTML
  Parameters: {"id"=>"1"}
  [1m[36mChart Load (0.5ms)[0m  [1m[34mSELECT "charts".* FROM "charts" WHERE "charts"."id" = ? LIMIT ?[0m  [["id", 1], ["LIMIT", 1]]
  ↳ app/controllers/api/charts_controller.rb:37:in `set_chart'
Completed 200 OK in 22658ms (Views: 0.6ms | ActiveRecord: 0.9ms | Allocations: 24428)


Started GET "/api/charts/1" for ::1 at 2020-08-02 21:55:10 +0100
  [1m[35m (0.1ms)[0m  [1m[34mSELECT sqlite_version(*)[0m
Processing by Api::ChartsController#show as HTML
  Parameters: {"id"=>"1"}
  [1m[36mChart Load (0.6ms)[0m  [1m[34mSELECT "charts".* FROM "charts" WHERE "charts"."id" = ? LIMIT ?[0m  [["id", 1], ["LIMIT", 1]]
  ↳ app/controllers/api/charts_controller.rb:37:in `set_chart'
Completed 200 OK in 8128ms (Views: 0.7ms | ActiveRecord: 1.4ms | Allocations: 10856)


